<?xml version="1.0" encoding="UTF-8"?>
<!-- Generated by org.testng.reporters.JUnitReportReporter -->
<testsuite hostname="US-FFHM3G7V4G" failures="0" tests="3" name="testclasses.AddAddressTest" time="163.218" errors="0" timestamp="2025-06-09T10:47:12 IST" skipped="0">
  <testcase classname="testclasses.AddAddressTest" name="navigateToAddAddress" time="78.820"/>
  <testcase classname="testclasses.AddAddressTest" name="errorMsgValidation" time="35.935"/>
  <testcase classname="testclasses.AddAddressTest" name="addingAddress" time="48.463"/>
</testsuite> <!-- testclasses.AddAddressTest -->
