<?xml version="1.0" encoding="UTF-8"?>
<!-- Generated by org.testng.reporters.JUnitReportReporter -->
<testsuite hostname="US-FFHM3G7V4G" failures="0" tests="7" name="testclasses.SelectProductTest" time="159.059" errors="0" timestamp="2025-06-09T10:47:12 IST" skipped="0">
  <testcase classname="testclasses.SelectProductTest" name="addToCart" time="39.663"/>
  <testcase classname="testclasses.SelectProductTest" name="addToCart" time="47.204"/>
  <testcase classname="testclasses.SelectProductTest" name="addToCart" time="51.775"/>
  <testcase classname="testclasses.SelectProductTest" name="goToCart" time="14.216"/>
  <testcase classname="testclasses.SelectProductTest" name="itemsAdded" time="2.661"/>
  <testcase classname="testclasses.SelectProductTest" name="itemsAdded" time="1.010"/>
  <testcase classname="testclasses.SelectProductTest" name="itemsAdded" time="2.530"/>
</testsuite> <!-- testclasses.SelectProductTest -->
